<?xml version="1.0" encoding="UTF-8"?>
<!-- Generated by org.testng.reporters.JUnitReportReporter -->
<testsuite hostname="Jothis-MacBook-Pro.local" name="com.ads.page.LoginPage" tests="1" failures="0" timestamp="20 May 2018 23:59:06 GMT" time="4.094" errors="0">
  <testcase name="pageNavigation" time="4.094" classname="com.ads.page.LoginPage"/>
</testsuite> <!-- com.ads.page.LoginPage -->
