<?xml version="1.0" encoding="UTF-8"?>
<!-- Generated by org.testng.reporters.JUnitReportReporter -->
<testsuite hostname="Jothis-MacBook-Pro.local" name="com.ads.steps.LoginStep" tests="1" failures="0" timestamp="8 Jun 2018 04:08:26 GMT" time="68.772" errors="0">
  <testcase name="pageNavigation" time="68.772" classname="com.ads.steps.LoginStep"/>
</testsuite> <!-- com.ads.steps.LoginStep -->
